<?xml version="1.0" encoding="UTF-8"?>
<!-- Generated by org.testng.reporters.JUnitXMLReporter -->
<testsuite hostname="IT001817.local" ignored="0" name="Default test" tests="1" failures="1" timestamp="29 Dec 2022 05:03:55 GMT" time="34.479" errors="0">
  <testcase name="scenarioRunner_Login with Invalid Email Id and password" time="30.769" classname="com.innovaccer.applm.testrunner.ScenariosRunner">
    <failure/>
  </testcase> <!-- scenarioRunner_Login with Invalid Email Id and password -->
</testsuite> <!-- Default test -->
