<?xml version="1.0" encoding="UTF-8"?>
<!-- Generated by org.testng.reporters.JUnitXMLReporter -->
<testsuite hostname="IT001817.local" ignored="0" name="Demo_UI_Automation_Test" tests="1" failures="1" timestamp="18 Jan 2023 08:08:06 GMT" time="25.66" errors="0">
  <testcase name="scenarioRunner_Login with Invalid Email Id and password" time="22.098" classname="testrunner.ScenariosRunner">
    <failure/>
  </testcase> <!-- scenarioRunner_Login with Invalid Email Id and password -->
</testsuite> <!-- Demo_UI_Automation_Test -->
