<?xml version="1.0" encoding="UTF-8"?>
<!-- Generated by org.testng.reporters.JUnitReportReporter -->
<testsuite skipped="0" hostname="IT001817.local" name="com.innovaccer.applm.testrunner.CommonRunner" tests="2" failures="0" timestamp="12 Sep 2022 08:33:09 GMT" time="63.083" errors="0">
  <testcase name="scenario" time="32.225" classname="com.innovaccer.applm.testrunner.CommonRunner"/>
  <testcase name="scenario" time="30.858" classname="com.innovaccer.applm.testrunner.CommonRunner"/>
</testsuite> <!-- com.innovaccer.applm.testrunner.CommonRunner -->
