<?xml version="1.0" encoding="UTF-8"?>
<!-- Generated by org.testng.reporters.JUnitReportReporter -->
<testsuite skipped="0" hostname="IT001817.local" name="com.innovaccer.applm.testrunner.ScenariosRunner" tests="1" failures="0" timestamp="29 Dec 2022 05:03:56 GMT" time="33.166" errors="1">
  <testcase name="scenarioRunner" time="33.166" classname="com.innovaccer.applm.testrunner.ScenariosRunner">
    <error/>
  </testcase> <!-- scenarioRunner -->
</testsuite> <!-- com.innovaccer.applm.testrunner.ScenariosRunner -->
