<?xml version="1.0" encoding="UTF-8"?>
<!-- Generated by org.testng.reporters.JUnitReportReporter -->
<testsuite skipped="0" hostname="IT001817.local" name="com.innovaccer.integrationapi.stepdefination.CMSMemberPortalUIRunner" tests="1" failures="0" timestamp="04 Jan 2022 02:26:45 GMT" time="85.755" errors="0">
  <testcase name="scenario" time="85.755" classname="com.innovaccer.integrationapi.stepdefination.CMSMemberPortalUIRunner"/>
</testsuite> <!-- com.innovaccer.integrationapi.stepdefination.CMSMemberPortalUIRunner -->
