<?xml version="1.0" encoding="UTF-8"?>
<!-- Generated by org.testng.reporters.JUnitReportReporter -->
<testsuite skipped="0" hostname="IT001817.local" name="com.innovaccer.integrationapi.stepdefination.IGs_APIRunner" tests="2" failures="0" timestamp="29 Nov 2021 09:34:41 GMT" time="97.095" errors="0">
  <testcase name="scenario" time="20.192" classname="com.innovaccer.integrationapi.stepdefination.IGs_APIRunner"/>
  <testcase name="scenario" time="76.903" classname="com.innovaccer.integrationapi.stepdefination.IGs_APIRunner"/>
</testsuite> <!-- com.innovaccer.integrationapi.stepdefination.IGs_APIRunner -->
