<?xml version="1.0" encoding="UTF-8"?>
<!-- Generated by org.testng.reporters.JUnitReportReporter -->
<testsuite skipped="0" hostname="IT001817.local" name="com.innovaccer.applm.stepdefination.AppLMUIRunner" tests="1" failures="0" timestamp="31 Jan 2022 08:00:32 GMT" time="321.278" errors="1">
  <testcase name="scenario" time="321.278" classname="com.innovaccer.applm.stepdefination.AppLMUIRunner">
    <error type="org.openqa.selenium.InvalidArgumentException" message="invalid argument: File not found : null
  (Session info: chrome=96.0.4664.93)
Build info: version: &#039;3.14.0&#039;, revision: &#039;aacccce0&#039;, time: &#039;2018-08-02T20:19:58.91Z&#039;
System info: host: &#039;IT001817.local&#039;, ip: &#039;2402:8100:2039:c11d:1c05:eaad:db40:7be2%en0&#039;, os.name: &#039;Mac OS X&#039;, os.arch: &#039;x86_64&#039;, os.version: &#039;10.15.7&#039;, java.version: &#039;1.8.0_291&#039;
Driver info: org.openqa.selenium.chrome.ChromeDriver
Capabilities {acceptInsecureCerts: false, browserName: chrome, browserVersion: 96.0.4664.93, chrome: {chromedriverVersion: 96.0.4664.45 (76e4c1bb2ab46..., userDataDir: /var/folders/wg/dr117n092r7...}, goog:chromeOptions: {debuggerAddress: localhost:60596}, javascriptEnabled: true, networkConnectionEnabled: false, pageLoadStrategy: normal, platform: MAC, platformName: MAC, proxy: Proxy(), setWindowRect: true, strictFileInteractability: false, timeouts: {implicit: 0, pageLoad: 300000, script: 30000}, unhandledPromptBehavior: dismiss and notify, webauthn:extension:credBlob: true, webauthn:extension:largeBlob: true, webauthn:virtualAuthenticators: true}
Session ID: 0c16dd3b2e09d4b2636d31a038d78747">
      <![CDATA[org.openqa.selenium.InvalidArgumentException: invalid argument: File not found : null
  (Session info: chrome=96.0.4664.93)
Build info: version: '3.14.0', revision: 'aacccce0', time: '2018-08-02T20:19:58.91Z'
System info: host: 'IT001817.local', ip: '2402:8100:2039:c11d:1c05:eaad:db40:7be2%en0', os.name: 'Mac OS X', os.arch: 'x86_64', os.version: '10.15.7', java.version: '1.8.0_291'
Driver info: org.openqa.selenium.chrome.ChromeDriver
Capabilities {acceptInsecureCerts: false, browserName: chrome, browserVersion: 96.0.4664.93, chrome: {chromedriverVersion: 96.0.4664.45 (76e4c1bb2ab46..., userDataDir: /var/folders/wg/dr117n092r7...}, goog:chromeOptions: {debuggerAddress: localhost:60596}, javascriptEnabled: true, networkConnectionEnabled: false, pageLoadStrategy: normal, platform: MAC, platformName: MAC, proxy: Proxy(), setWindowRect: true, strictFileInteractability: false, timeouts: {implicit: 0, pageLoad: 300000, script: 30000}, unhandledPromptBehavior: dismiss and notify, webauthn:extension:credBlob: true, webauthn:extension:largeBlob: true, webauthn:virtualAuthenticators: true}
Session ID: 0c16dd3b2e09d4b2636d31a038d78747
at sun.reflect.NativeConstructorAccessorImpl.newInstance0(Native Method)
at sun.reflect.NativeConstructorAccessorImpl.newInstance(NativeConstructorAccessorImpl.java:62)
at sun.reflect.DelegatingConstructorAccessorImpl.newInstance(DelegatingConstructorAccessorImpl.java:45)
at java.lang.reflect.Constructor.newInstance(Constructor.java:423)
at org.openqa.selenium.remote.http.W3CHttpResponseCodec.createException(W3CHttpResponseCodec.java:187)
at org.openqa.selenium.remote.http.W3CHttpResponseCodec.decode(W3CHttpResponseCodec.java:122)
at org.openqa.selenium.remote.http.W3CHttpResponseCodec.decode(W3CHttpResponseCodec.java:49)
at org.openqa.selenium.remote.HttpCommandExecutor.execute(HttpCommandExecutor.java:158)
at org.openqa.selenium.remote.service.DriverCommandExecutor.execute(DriverCommandExecutor.java:83)
at org.openqa.selenium.remote.RemoteWebDriver.execute(RemoteWebDriver.java:548)
at org.openqa.selenium.remote.RemoteWebElement.execute(RemoteWebElement.java:276)
at org.openqa.selenium.remote.RemoteWebElement.sendKeys(RemoteWebElement.java:100)
at com.innovaccer.utils.Element.enterData(Element.java:210)
at com.innovaccer.applm.pom.Documentation_SupportPage.uploadUserDocumentation(Documentation_SupportPage.java:23)
at com.innovaccer.applm.pom.Documentation_SupportPage.submitsAllDetailsOfDocumentationSupportPage(Documentation_SupportPage.java:36)
at com.innovaccer.applm.stepdefination.AppLMUIRunner.fill_all_details_on_documentaion_and_support_page(AppLMUIRunner.java:101)
at ✽.Fill all details on Documentaion and support page(file:src/test/resources/FeatureFiles/CMS_API_Integration/MarketPlaceUI/MarketPlcaeUI.feature:32)
]]>
    </error>
  </testcase> <!-- scenario -->
</testsuite> <!-- com.innovaccer.applm.stepdefination.AppLMUIRunner -->
