<?xml version="1.0" encoding="UTF-8"?>
<!-- Generated by org.testng.reporters.JUnitReportReporter -->
<testsuite skipped="0" hostname="IT001817.local" name="com.innovaccer.integrationapi.stepdefination.parallelexecuterrunner.MarketPlaceRunner" tests="1" failures="0" timestamp="23 Dec 2021 06:29:21 GMT" time="34.140" errors="1">
  <testcase name="scenario" time="34.140" classname="com.innovaccer.integrationapi.stepdefination.parallelexecuterrunner.MarketPlaceRunner">
    <error type="java.lang.NullPointerException">
      <![CDATA[java.lang.NullPointerException
at java.util.Hashtable.put(Hashtable.java:460)
at com.innovaccer.utils.Config.putRunTimeProperty(Config.java:800)
at com.innovaccer.integrationapi.stepdefination.MarketPlaceRunner.store_app_id_in_runtimeproperty(MarketPlaceRunner.java:111)
at ✽.Store app id in runtimeproperty(file:src/test/resources/FeatureFiles/CMS_Integration/CMS_API_Integration/MarketPlaceAPI/marketplaceapi.feature:20)
]]>
    </error>
  </testcase> <!-- scenario -->
</testsuite> <!-- com.innovaccer.integrationapi.stepdefination.parallelexecuterrunner.MarketPlaceRunner -->
