<?xml version="1.0" encoding="UTF-8"?>
<!-- Generated by org.testng.reporters.JUnitReportReporter -->
<testsuite skipped="0" hostname="IT001817.local" name="com.innovaccer.integrationapi.stepdefination.CMSDeveloperPortalAPIRunner" tests="2" failures="0" timestamp="29 Dec 2021 09:46:32 GMT" time="195.727" errors="0">
  <testcase name="scenario" time="179.073" classname="com.innovaccer.integrationapi.stepdefination.CMSDeveloperPortalAPIRunner"/>
  <testcase name="scenario" time="16.654" classname="com.innovaccer.integrationapi.stepdefination.CMSDeveloperPortalAPIRunner"/>
</testsuite> <!-- com.innovaccer.integrationapi.stepdefination.CMSDeveloperPortalAPIRunner -->
