<?xml version="1.0" encoding="UTF-8"?>
<!-- Generated by org.testng.reporters.JUnitReportReporter -->
<testsuite skipped="1" hostname="IT001817.local" name="com.innovaccer.integrationapi.stepdefination.LogInApiRunner" tests="1" failures="0" timestamp="07 Dec 2021 06:52:43 GMT" time="0.000" errors="0">
  <testcase name="scenario" time="0.000" classname="com.innovaccer.integrationapi.stepdefination.LogInApiRunner">
    <skipped/>
  </testcase> <!-- scenario -->
</testsuite> <!-- com.innovaccer.integrationapi.stepdefination.LogInApiRunner -->
